-------------------------------------------------------------------------------
Test set: br.com.landingpage.engineapi.EngineApiApplicationTests
-------------------------------------------------------------------------------
Tests run: 1, Failures: 0, Errors: 1, Skipped: 0, Time elapsed: 5.099 s <<< FAILURE! - in br.com.landingpage.engineapi.EngineApiApplicationTests
contextLoads  Time elapsed: 0.001 s  <<< ERROR!
java.lang.IllegalStateException: Failed to load ApplicationContext
Caused by: org.springframework.beans.factory.BeanCreationException: Error creating bean with name 'liquibase' defined in class path resource [org/springframework/boot/autoconfigure/liquibase/LiquibaseAutoConfiguration$LiquibaseConfiguration.class]: Invocation of init method failed; nested exception is liquibase.exception.DatabaseException: java.sql.SQLSyntaxErrorException: Access denied for user 'lpdb'@'%' to database 'landing_page'
Caused by: liquibase.exception.DatabaseException: java.sql.SQLSyntaxErrorException: Access denied for user 'lpdb'@'%' to database 'landing_page'
Caused by: java.sql.SQLSyntaxErrorException: Access denied for user 'lpdb'@'%' to database 'landing_page'

